<?xml version="1.0" encoding="UTF-8"?>
<!-- Generated by org.testng.reporters.JUnitXMLReporter -->
<testsuite ignored="0" hostname="Naveens-MacBook-Air.local" failures="1" tests="4" name="Test" time="101.135" errors="0" timestamp="2024-05-01T14:36:30 IST">
  <testcase classname="com.EmpMonitor.test.TestTimeClaming" name="ClaimTest" time="0.08">
    <failure type="org.openqa.selenium.InvalidSelectorException" message="Compound class names not permitted
For documentation on this error, please visit: https://www.selenium.dev/documentation/webdriver/troubleshooting/errors#invalid-selector-exception
Build info: version: &amp;apos;4.19.1&amp;apos;, revision: &amp;apos;abe0ee07dc&amp;apos;
System info: os.name: &amp;apos;Mac OS X&amp;apos;, os.arch: &amp;apos;x86_64&amp;apos;, os.version: &amp;apos;12.7.4&amp;apos;, java.version: &amp;apos;20.0.1&amp;apos;
Driver info: driver.version: unknown">
      <![CDATA[org.openqa.selenium.InvalidSelectorException: Compound class names not permitted
For documentation on this error, please visit: https://www.selenium.dev/documentation/webdriver/troubleshooting/errors#invalid-selector-exception
Build info: version: '4.19.1', revision: 'abe0ee07dc'
System info: os.name: 'Mac OS X', os.arch: 'x86_64', os.version: '12.7.4', java.version: '20.0.1'
Driver info: driver.version: unknown
at org.openqa.selenium.By$ByClassName.<init>(By.java:309)
at org.openqa.selenium.By.className(By.java:100)
at org.openqa.selenium.support.AbstractFindByBuilder.buildByFromShortFindBy(AbstractFindByBuilder.java:42)
at org.openqa.selenium.support.FindBy$FindByBuilder.buildIt(FindBy.java:83)
at org.openqa.selenium.support.pagefactory.Annotations.buildBy(Annotations.java:82)
at org.openqa.selenium.support.pagefactory.DefaultElementLocator.<init>(DefaultElementLocator.java:58)
at org.openqa.selenium.support.pagefactory.DefaultElementLocator.<init>(DefaultElementLocator.java:46)
at org.openqa.selenium.support.pagefactory.DefaultElementLocatorFactory.createLocator(DefaultElementLocatorFactory.java:32)
at org.openqa.selenium.support.pagefactory.DefaultFieldDecorator.decorate(DefaultFieldDecorator.java:55)
at org.openqa.selenium.support.PageFactory.proxyFields(PageFactory.java:109)
at org.openqa.selenium.support.PageFactory.initElements(PageFactory.java:101)
at org.openqa.selenium.support.PageFactory.initElements(PageFactory.java:88)
at org.openqa.selenium.support.PageFactory.initElements(PageFactory.java:76)
at com.EmpMonitor.Pom.TimeClaimModule.<init>(TimeClaimModule.java:44)
at com.EmpMonitor.test.TestTimeClaming.ClaimTest(TestTimeClaming.java:15)
at java.base/java.util.ArrayList.forEach(ArrayList.java:1511)
... Removed 25 stack frames]]>
    </failure>
  </testcase> <!-- ClaimTest -->
  <testcase classname="com.EmpMonitor.test.EmpAttendance" name="EmployeAttendance" time="13.401"/>
  <testcase classname="com.EmpMonitor.test.TestTimesheet" name="timesheet" time="9.708"/>
  <testcase classname="com.EmpMonitor.test.Register" name="RegisterName" time="23.357"/>
</testsuite> <!-- Test -->
